rewriting subterm: magicWand(x, x, h)
  rewriting expression: magicWand(x, x, h)
    rewriting expression: x
      Result:
        <<4>>
        x
    end rewrite for: x
    rewriting expression: x
      Result:
        <<4>>
        x
    end rewrite for: x
    rewriting expression: h
      builtin h
      end builtin h
      magicWand(a, a, h) { True } -> apply(St(Nil, Nil), h)
      magicWand(star(a, b), star(a, c)) { True } -> magicWand(a, c)
      magicWand(star(a, b), b) { True } -> a
      rless(x, rplus(x, 1#1)) { True } -> True
      rless(0#1, rplus(1#1, x)) { True } -> True
      rless(rplus(x, y), rplus(x, z)) { True } -> rless(y, z)
      rless(y, z) { True } = rless(rplus(x, y), rplus(x, z))
      rless(x, x) { True } -> False
      rless(rminus(x, 1#1), y) { True } -> rless(x, rplus(y, 1#1))
      rless(x, rplus(y, 1#1)) { True } = rless(rminus(x, 1), y)
      rless(rminus(x, a), b) { True } -> rless(x, rplus(a, b))
      rless(x, rplus(a, b)) { True } = rless(rminus(x, a), b)
      rless(a, rminus(b, x)) { True } -> rless(rplus(a, x), b)
      rless(rplus(a, x), b) { True } = rless(a, rminus(b, x))
      rtimes(x, rplus(y, z)) { True } -> rplus(rtimes(x, y), rtimes(x, z))
      rminus(x, rplus(a, b)) { True } = rminus(rminus(x, a), b)
      rminus(rminus(x, a), b) { True } = rminus(x, rplus(a, b))
      rminus(x, rminus(a - b)) { True } -> rplus(rminus(x - a), b)
      rminus(rplus(x, a), b) { True } = rplus(rminus(x, b), a)
      rminus(rplus(a, b), c) { not(rless(c, a)) } = rplus(rminus(a, c), b)
      rminus(rplus(1#1, x), rplus(1#1, y)) { True } -> rminus(x, y)
      rminus(x, y) { True } = rminus(rplus(1#1, x), rplus(1#1, y))
      rminus(x, x) { True } -> 0#1
      rminus(x, 0#1) { True } -> x
      rplus(rminus(x, a), b) { True } -> rminus(x, rminus(a, b))
      rplus(rminus(x, b), a) { True } = rminus(nplus(x, a), b)
      rplus(rminus(a, c), b) { True } = rminus(rplus(a, b), c)
      rplus(x, 0#1) { True } = x
      nless(x, nplus(x, 1)) { True } -> True
      nless(0, nplus(1, x)) { True } -> True
      nless(nplus(a, 1), b) { not(nplus(a, 1) == b) & nless(a, b) } -> True
      nless(nplus(x, y), nplus(x, z)) { True } -> nless(y, z)
      nless(y, z) { True } = nless(nplus(x, y), nplus(x, z))
      nless(x, x) { True } -> False
      nless(nminus(x, 1), y) { True } -> nless(x, nplus(y, 1))
      nless(x, nplus(y, 1)) { True } = nless(nminus(x, 1), y)
      nless(nminus(x, a), b) { True } -> nless(x, nplus(a, b))
      nless(x, nplus(a, b)) { True } = nless(nminus(x, a), b)
      nless(a, nminus(b, x)) { True } -> nless(nplus(a, x), b)
      nless(nplus(a, x), b) { True } = nless(a, nminus(b, x))
      ntimes(x, nplus(y, z)) { True } -> nplus(ntimes(x, y), ntimes(x, z))
      nminus(x, nplus(a, b)) { True } = nminus(nminus(x, a), b)
      nminus(nminus(x, a), b) { True } = nminus(x, nplus(a, b))
      nminus(x, nminus(a - b)) { True } -> nplus(nminus(x - a), b)
      nminus(nplus(x, a), b) { True } = nplus(nminus(x, b), a)
      nminus(nplus(a, b), c) { not(nless(c, a)) } = nplus(nminus(a, c), b)
      nminus(nplus(1, x), nplus(1, y)) { True } -> nminus(x, y)
      nminus(x, y) { True } = nminus(nplus(1, x) - nplus(1, y))
      nminus(x, x) { True } -> 0
      nminus(x, 0) { True } -> x
      nplus(nminus(x, a), b) { True } -> nminus(x, nminus(a, b))
      nplus(nminus(x, b), a) { True } = nminus(nplus(x, a), b)
      nplus(nminus(a, c), b) { True } = nminus(nplus(a, b), c)
      nplus(x, 0) { True } = x
      nplus(ntimes(x, y), ntimes(x, z)) { True } = ntimes(x, nplus(y, z))
      preceq(0, y) { True } -> True
      nminus(x, y) == z { True } = x == nplus(y, z)
      x == nplus(y, z) { True } = nminus(x, y) == z
      x == y { nless(x, y) } = False
      x == nplus(x, 1) { True } -> False
      nplus(x, y) == nplus(x, z) { True } -> y == z
      y == z { True } = nplus(x, y) == nplus(x, z)
      nminus(x, a) == b { True } -> x == nplus(a, b)
      x == nplus(a, b) { True } = nminus(x, a) == b
      ntimes(x, y) == ntimes(x, z) { not(x == 0) } -> y == z
      y == z { not(x == 0) } = ntimes(x, y) == ntimes(x, z)
      rminus(x, y) == z { True } = x == rplus(y, z)
      x == rplus(y, z) { True } = rminus(x, y) == z
      x == y { rless(x, y) } = False
      x == rplus(x, 1#1) { True } -> False
      rplus(x, y) == rplus(x, z) { True } -> y == z
      y == z { True } = rplus(x, y) == rplus(x, z)
      rminus(x, a) == b { True } -> x == rplus(a, b)
      x == rplus(a, b) { True } = rminus(x, a) == b
      rtimes(x, y) == rtimes(x, z) { not(x == 0#1) } -> y == z
      y == z { not(x == 0#1) } = rtimes(x, y) == rtimes(x, z)
      nless(x, y) | nless(y, x) | x  == y { True } -> True
      rless(x, y) | rless(y, x) | x  == y { True } -> True
      nless(x, y) & nless(y, x) { True } -> False
      x  == y & nless(y, x) { True } -> False
      rless(x, y) & rless(y, x) { True } -> False
      x  == y & rless(y, x) { True } -> False
      False { nless(x, y) } = x == y
      False { True } = nless(x, y) & nless(y, x)
      False { True } = nless(x, y) & y  == x
      False { True } = x == nplus(x, 1)
      False { True } = nless(x, x)
      False { rless(x, y) } = x == y
      False { True } = rless(x, y) & rless(y, x)
      False { True } = rless(x, y) & y  == x
      False { True } = x == rplus(x, 1#1)
      False { True } = rless(x, x)
      True { True } = nless(x, nplus(x, 1))
      True { True } = preceq(0, y)
      True { True } = nless(0, nplus(1, x))
      True { True } = nless(x, y) | nless(y, x) | x  == y
      True { True } = nless(nplus(a, 1), b)
      True { True } = rless(x, rplus(x, 1#1))
      True { True } = rless(0, rplus(1#1, x))
      True { True } = rless(x, y) | rless(y, x) | x  == y
      0 { True } = nminus(x, x)
      x { True } = nminus(x, 0)
      x { True } = nplus(x, 0)
      0#1 { True } = rminus(x, x)
      x { True } = rminus(x, 0#1)
      x { True } = rplus(x, 0#1)
      DT{rless}[DT{Var}[DT{rminus}[E(rless(x, x) { True } -> False rless(a, rminus(b, x)) { True } -> rless(rplus(x, a), b))] DT{Var}[E(rless(x, x) { True } -> False)] DT{rplus}[E(rless(x, rplus(x, 1#1)) { True } -> True)]] DT{rminus}[DT{Var}[E(rless(x, x) { True } -> False rless(rminus(x, 1#1), y) { True } -> rless(x, rplus(y, 1#1)) rless(rminus(x, a), b) { True } -> rless(x, rplus(a, b)))] DT{rplus}[E(rless(x, rplus(x, 1#1)) { True } -> True)]] DT{rplus}[DT{rplus}[E(rless(x, rplus(x, 1#1)) { True } -> True rless(rplus(y, x), rplus(z, x)) { True } -> rless(y, z))]] DT{Other}[DT{rplus}[E(rless(x, rplus(x, 1#1)) { True } -> True rless(0#1, rplus(x, 1#1)) { True } -> True)]]] DT{rminus}[DT{Var}[DT{Other}[E(rminus(x, x) { True } -> 0#1 rminus(x, 0#1) { True } -> x)] DT{Var}[E(rminus(x, x) { True } -> 0#1)] DT{rminus}[E(rminus(x, rminus(a - b)) { True } -> rplus(b, rminus(x - a)))]] DT{rplus}[DT{rplus}[E(rminus(rplus(x, 1#1), rplus(y, 1#1)) { True } -> rminus(x, y))] DT{rminus}[E(rminus(x, rminus(a - b)) { True } -> rplus(b, rminus(x - a)))]]] DT{nless}[DT{Var}[DT{nminus}[E(nless(x, x) { True } -> False nless(a, nminus(b, x)) { True } -> nless(nplus(x, a), b))] DT{Var}[E(nless(x, x) { True } -> False)] DT{nplus}[E(nless(x, nplus(x, 1)) { True } -> True)]] DT{nminus}[DT{Var}[E(nless(x, x) { True } -> False nless(nminus(x, 1), y) { True } -> nless(x, nplus(y, 1)) nless(nminus(x, a), b) { True } -> nless(x, nplus(a, b)))] DT{nplus}[E(nless(x, nplus(x, 1)) { True } -> True)]] DT{nplus}[DT{nplus}[E(nless(x, nplus(x, 1)) { True } -> True nless(nplus(a, 1), b) { not(b == nplus(a, 1)) & nless(a, b) } -> True nless(nplus(y, x), nplus(z, x)) { True } -> nless(y, z))] DT{Var}[E(nless(nplus(a, 1), b) { not(b == nplus(a, 1)) & nless(a, b) } -> True)]] DT{Other}[DT{nplus}[E(nless(x, nplus(x, 1)) { True } -> True nless(0, nplus(x, 1)) { True } -> True)]]] DT{nminus}[DT{Var}[DT{Other}[E(nminus(x, x) { True } -> 0 nminus(x, 0) { True } -> x)] DT{Var}[E(nminus(x, x) { True } -> 0)] DT{nminus}[E(nminus(x, nminus(a - b)) { True } -> nplus(b, nminus(x - a)))]] DT{nplus}[DT{nplus}[E(nminus(nplus(x, 1), nplus(y, 1)) { True } -> nminus(x, y))] DT{nminus}[E(nminus(x, nminus(a - b)) { True } -> nplus(b, nminus(x - a)))]]] DT{preceq}[DT{Other}[DT{Var}[E(preceq(0, y) { True } -> True)]]] DT{&}[DS{== rless}[E(y  == x & rless(y, x) { True } -> False)] DS{rless}[E(rless(x, y) & rless(y, x) { True } -> False)] DS{== nless}[E(y  == x & nless(y, x) { True } -> False)] DS{nless}[E(nless(x, y) & nless(y, x) { True } -> False)]] DT{|}[DS{== nless}[E(y  == x | nless(x, y) | nless(y, x) { True } -> True)] DS{== rless}[E(rless(x, y) | y  == x | rless(y, x) { True } -> True)]] DT{nplus}[DS{nminus}[E(nplus(b, nminus(x, a)) { True } -> nminus(x, nminus(a, b)))]] DT{ntimes}[DS{nplus}[E(ntimes(x, nplus(y, z)) { True } -> nplus(ntimes(y, x), ntimes(z, x)))]] DT{rplus}[DS{rminus}[E(rplus(b, rminus(x, a)) { True } -> rminus(x, rminus(a, b)))]] DT{rtimes}[DS{rplus}[E(rtimes(x, rplus(y, z)) { True } -> rplus(rtimes(y, x), rtimes(z, x)))]] DT{==}[DS{nplus}[E(x == nplus(x, 1) { True } -> False nplus(y, x) == nplus(z, x) { True } -> y == z)] DS{nminus}[E(b == nminus(x, a) { True } -> x == nplus(a, b))] DS{ntimes}[E(ntimes(y, x) == ntimes(z, x) { not(x == 0) } -> y == z)] DS{rplus}[E(x == rplus(x, 1#1) { True } -> False rplus(y, x) == rplus(z, x) { True } -> y == z)] DS{rminus}[E(b == rminus(x, a) { True } -> x == rplus(a, b))] DS{rtimes}[E(rtimes(y, x) == rtimes(z, x) { not(x == 0#1) } -> y == z)]] DT{magicWand}[DT{star}[DT{Var}[E(magicWand(star(a, b), b) { True } -> a) DT{Var}[E(magicWand(a, a, h) { True } -> apply(St(Nil, Nil), h))]] DT{star}[E(magicWand(star(a, b), star(a, c)) { True } -> magicWand(a, c)) DT{Var}[E(magicWand(a, a, h) { True } -> apply(St(Nil, Nil), h))]]] DT{Var}[DT{Var}[DT{Var}[E(magicWand(a, a, h) { True } -> apply(St(Nil, Nil), h))]]]] 
      Rules:
        P: DT{rless}[DT{Var}[DT{rminus}[E(rless(x, x) { True } -> False rless(a, rminus(b, x)) { True } -> rless(rplus(x, a), b))] DT{Var}[E(rless(x, x) { True } -> False)] DT{rplus}[E(rless(x, rplus(x, 1#1)) { True } -> True)]] DT{rminus}[DT{Var}[E(rless(x, x) { True } -> False rless(rminus(x, 1#1), y) { True } -> rless(x, rplus(y, 1#1)) rless(rminus(x, a), b) { True } -> rless(x, rplus(a, b)))] DT{rplus}[E(rless(x, rplus(x, 1#1)) { True } -> True)]] DT{rplus}[DT{rplus}[E(rless(x, rplus(x, 1#1)) { True } -> True rless(rplus(y, x), rplus(z, x)) { True } -> rless(y, z))]] DT{Other}[DT{rplus}[E(rless(x, rplus(x, 1#1)) { True } -> True rless(0#1, rplus(x, 1#1)) { True } -> True)]]] DT{rminus}[DT{Var}[DT{Other}[E(rminus(x, x) { True } -> 0#1 rminus(x, 0#1) { True } -> x)] DT{Var}[E(rminus(x, x) { True } -> 0#1)] DT{rminus}[E(rminus(x, rminus(a - b)) { True } -> rplus(b, rminus(x - a)))]] DT{rplus}[DT{rplus}[E(rminus(rplus(x, 1#1), rplus(y, 1#1)) { True } -> rminus(x, y))] DT{rminus}[E(rminus(x, rminus(a - b)) { True } -> rplus(b, rminus(x - a)))]]] DT{nless}[DT{Var}[DT{nminus}[E(nless(x, x) { True } -> False nless(a, nminus(b, x)) { True } -> nless(nplus(x, a), b))] DT{Var}[E(nless(x, x) { True } -> False)] DT{nplus}[E(nless(x, nplus(x, 1)) { True } -> True)]] DT{nminus}[DT{Var}[E(nless(x, x) { True } -> False nless(nminus(x, 1), y) { True } -> nless(x, nplus(y, 1)) nless(nminus(x, a), b) { True } -> nless(x, nplus(a, b)))] DT{nplus}[E(nless(x, nplus(x, 1)) { True } -> True)]] DT{nplus}[DT{nplus}[E(nless(x, nplus(x, 1)) { True } -> True nless(nplus(a, 1), b) { not(b == nplus(a, 1)) & nless(a, b) } -> True nless(nplus(y, x), nplus(z, x)) { True } -> nless(y, z))] DT{Var}[E(nless(nplus(a, 1), b) { not(b == nplus(a, 1)) & nless(a, b) } -> True)]] DT{Other}[DT{nplus}[E(nless(x, nplus(x, 1)) { True } -> True nless(0, nplus(x, 1)) { True } -> True)]]] DT{nminus}[DT{Var}[DT{Other}[E(nminus(x, x) { True } -> 0 nminus(x, 0) { True } -> x)] DT{Var}[E(nminus(x, x) { True } -> 0)] DT{nminus}[E(nminus(x, nminus(a - b)) { True } -> nplus(b, nminus(x - a)))]] DT{nplus}[DT{nplus}[E(nminus(nplus(x, 1), nplus(y, 1)) { True } -> nminus(x, y))] DT{nminus}[E(nminus(x, nminus(a - b)) { True } -> nplus(b, nminus(x - a)))]]] DT{preceq}[DT{Other}[DT{Var}[E(preceq(0, y) { True } -> True)]]] DT{&}[DS{== rless}[E(y  == x & rless(y, x) { True } -> False)] DS{rless}[E(rless(x, y) & rless(y, x) { True } -> False)] DS{== nless}[E(y  == x & nless(y, x) { True } -> False)] DS{nless}[E(nless(x, y) & nless(y, x) { True } -> False)]] DT{|}[DS{== nless}[E(y  == x | nless(x, y) | nless(y, x) { True } -> True)] DS{== rless}[E(rless(x, y) | y  == x | rless(y, x) { True } -> True)]] DT{nplus}[DS{nminus}[E(nplus(b, nminus(x, a)) { True } -> nminus(x, nminus(a, b)))]] DT{ntimes}[DS{nplus}[E(ntimes(x, nplus(y, z)) { True } -> nplus(ntimes(y, x), ntimes(z, x)))]] DT{rplus}[DS{rminus}[E(rplus(b, rminus(x, a)) { True } -> rminus(x, rminus(a, b)))]] DT{rtimes}[DS{rplus}[E(rtimes(x, rplus(y, z)) { True } -> rplus(rtimes(y, x), rtimes(z, x)))]] DT{==}[DS{nplus}[E(x == nplus(x, 1) { True } -> False nplus(y, x) == nplus(z, x) { True } -> y == z)] DS{nminus}[E(b == nminus(x, a) { True } -> x == nplus(a, b))] DS{ntimes}[E(ntimes(y, x) == ntimes(z, x) { not(x == 0) } -> y == z)] DS{rplus}[E(x == rplus(x, 1#1) { True } -> False rplus(y, x) == rplus(z, x) { True } -> y == z)] DS{rminus}[E(b == rminus(x, a) { True } -> x == rplus(a, b))] DS{rtimes}[E(rtimes(y, x) == rtimes(z, x) { not(x == 0#1) } -> y == z)]] DT{magicWand}[DT{star}[DT{Var}[E(magicWand(star(a, b), b) { True } -> a) DT{Var}[E(magicWand(a, a, h) { True } -> apply(St(Nil, Nil), h))]] DT{star}[E(magicWand(star(a, b), star(a, c)) { True } -> magicWand(a, c)) DT{Var}[E(magicWand(a, a, h) { True } -> apply(St(Nil, Nil), h))]]] DT{Var}[DT{Var}[DT{Var}[E(magicWand(a, a, h) { True } -> apply(St(Nil, Nil), h))]]]] 
      Result:
        <<790>>
        h
    end rewrite for: h
    builtin magicWand(<<4>>, <<4>>, <<790>>)
    end builtin magicWand(x, x, h)
    magicWand(a, a, h) { True } -> apply(St(Nil, Nil), h)
    magicWand(star(a, b), star(a, c)) { True } -> magicWand(a, c)
    magicWand(star(a, b), b) { True } -> a
    rless(x, rplus(x, 1#1)) { True } -> True
    rless(0#1, rplus(1#1, x)) { True } -> True
    rless(rplus(x, y), rplus(x, z)) { True } -> rless(y, z)
    rless(y, z) { True } = rless(rplus(x, y), rplus(x, z))
    rless(x, x) { True } -> False
    rless(rminus(x, 1#1), y) { True } -> rless(x, rplus(y, 1#1))
    rless(x, rplus(y, 1#1)) { True } = rless(rminus(x, 1), y)
    rless(rminus(x, a), b) { True } -> rless(x, rplus(a, b))
    rless(x, rplus(a, b)) { True } = rless(rminus(x, a), b)
    rless(a, rminus(b, x)) { True } -> rless(rplus(a, x), b)
    rless(rplus(a, x), b) { True } = rless(a, rminus(b, x))
    rtimes(x, rplus(y, z)) { True } -> rplus(rtimes(x, y), rtimes(x, z))
    rminus(x, rplus(a, b)) { True } = rminus(rminus(x, a), b)
    rminus(rminus(x, a), b) { True } = rminus(x, rplus(a, b))
    rminus(x, rminus(a - b)) { True } -> rplus(rminus(x - a), b)
    rminus(rplus(x, a), b) { True } = rplus(rminus(x, b), a)
    rminus(rplus(a, b), c) { not(rless(c, a)) } = rplus(rminus(a, c), b)
    rminus(rplus(1#1, x), rplus(1#1, y)) { True } -> rminus(x, y)
    rminus(x, y) { True } = rminus(rplus(1#1, x), rplus(1#1, y))
    rminus(x, x) { True } -> 0#1
    rminus(x, 0#1) { True } -> x
    rplus(rminus(x, a), b) { True } -> rminus(x, rminus(a, b))
    rplus(rminus(x, b), a) { True } = rminus(nplus(x, a), b)
    rplus(rminus(a, c), b) { True } = rminus(rplus(a, b), c)
    rplus(x, 0#1) { True } = x
    nless(x, nplus(x, 1)) { True } -> True
    nless(0, nplus(1, x)) { True } -> True
    nless(nplus(a, 1), b) { not(nplus(a, 1) == b) & nless(a, b) } -> True
    nless(nplus(x, y), nplus(x, z)) { True } -> nless(y, z)
    nless(y, z) { True } = nless(nplus(x, y), nplus(x, z))
    nless(x, x) { True } -> False
    nless(nminus(x, 1), y) { True } -> nless(x, nplus(y, 1))
    nless(x, nplus(y, 1)) { True } = nless(nminus(x, 1), y)
    nless(nminus(x, a), b) { True } -> nless(x, nplus(a, b))
    nless(x, nplus(a, b)) { True } = nless(nminus(x, a), b)
    nless(a, nminus(b, x)) { True } -> nless(nplus(a, x), b)
    nless(nplus(a, x), b) { True } = nless(a, nminus(b, x))
    ntimes(x, nplus(y, z)) { True } -> nplus(ntimes(x, y), ntimes(x, z))
    nminus(x, nplus(a, b)) { True } = nminus(nminus(x, a), b)
    nminus(nminus(x, a), b) { True } = nminus(x, nplus(a, b))
    nminus(x, nminus(a - b)) { True } -> nplus(nminus(x - a), b)
    nminus(nplus(x, a), b) { True } = nplus(nminus(x, b), a)
    nminus(nplus(a, b), c) { not(nless(c, a)) } = nplus(nminus(a, c), b)
    nminus(nplus(1, x), nplus(1, y)) { True } -> nminus(x, y)
    nminus(x, y) { True } = nminus(nplus(1, x) - nplus(1, y))
    nminus(x, x) { True } -> 0
    nminus(x, 0) { True } -> x
    nplus(nminus(x, a), b) { True } -> nminus(x, nminus(a, b))
    nplus(nminus(x, b), a) { True } = nminus(nplus(x, a), b)
    nplus(nminus(a, c), b) { True } = nminus(nplus(a, b), c)
    nplus(x, 0) { True } = x
    nplus(ntimes(x, y), ntimes(x, z)) { True } = ntimes(x, nplus(y, z))
    preceq(0, y) { True } -> True
    nminus(x, y) == z { True } = x == nplus(y, z)
    x == nplus(y, z) { True } = nminus(x, y) == z
    x == y { nless(x, y) } = False
    x == nplus(x, 1) { True } -> False
    nplus(x, y) == nplus(x, z) { True } -> y == z
    y == z { True } = nplus(x, y) == nplus(x, z)
    nminus(x, a) == b { True } -> x == nplus(a, b)
    x == nplus(a, b) { True } = nminus(x, a) == b
    ntimes(x, y) == ntimes(x, z) { not(x == 0) } -> y == z
    y == z { not(x == 0) } = ntimes(x, y) == ntimes(x, z)
    rminus(x, y) == z { True } = x == rplus(y, z)
    x == rplus(y, z) { True } = rminus(x, y) == z
    x == y { rless(x, y) } = False
    x == rplus(x, 1#1) { True } -> False
    rplus(x, y) == rplus(x, z) { True } -> y == z
    y == z { True } = rplus(x, y) == rplus(x, z)
    rminus(x, a) == b { True } -> x == rplus(a, b)
    x == rplus(a, b) { True } = rminus(x, a) == b
    rtimes(x, y) == rtimes(x, z) { not(x == 0#1) } -> y == z
    y == z { not(x == 0#1) } = rtimes(x, y) == rtimes(x, z)
    nless(x, y) | nless(y, x) | x  == y { True } -> True
    rless(x, y) | rless(y, x) | x  == y { True } -> True
    nless(x, y) & nless(y, x) { True } -> False
    x  == y & nless(y, x) { True } -> False
    rless(x, y) & rless(y, x) { True } -> False
    x  == y & rless(y, x) { True } -> False
    False { nless(x, y) } = x == y
    False { True } = nless(x, y) & nless(y, x)
    False { True } = nless(x, y) & y  == x
    False { True } = x == nplus(x, 1)
    False { True } = nless(x, x)
    False { rless(x, y) } = x == y
    False { True } = rless(x, y) & rless(y, x)
    False { True } = rless(x, y) & y  == x
    False { True } = x == rplus(x, 1#1)
    False { True } = rless(x, x)
    True { True } = nless(x, nplus(x, 1))
    True { True } = preceq(0, y)
    True { True } = nless(0, nplus(1, x))
    True { True } = nless(x, y) | nless(y, x) | x  == y
    True { True } = nless(nplus(a, 1), b)
    True { True } = rless(x, rplus(x, 1#1))
    True { True } = rless(0, rplus(1#1, x))
    True { True } = rless(x, y) | rless(y, x) | x  == y
    0 { True } = nminus(x, x)
    x { True } = nminus(x, 0)
    x { True } = nplus(x, 0)
    0#1 { True } = rminus(x, x)
    x { True } = rminus(x, 0#1)
    x { True } = rplus(x, 0#1)
    DT{rless}[DT{Var}[DT{rminus}[E(rless(x, x) { True } -> False rless(a, rminus(b, x)) { True } -> rless(rplus(x, a), b))] DT{Var}[E(rless(x, x) { True } -> False)] DT{rplus}[E(rless(x, rplus(x, 1#1)) { True } -> True)]] DT{rminus}[DT{Var}[E(rless(x, x) { True } -> False rless(rminus(x, 1#1), y) { True } -> rless(x, rplus(y, 1#1)) rless(rminus(x, a), b) { True } -> rless(x, rplus(a, b)))] DT{rplus}[E(rless(x, rplus(x, 1#1)) { True } -> True)]] DT{rplus}[DT{rplus}[E(rless(x, rplus(x, 1#1)) { True } -> True rless(rplus(y, x), rplus(z, x)) { True } -> rless(y, z))]] DT{Other}[DT{rplus}[E(rless(x, rplus(x, 1#1)) { True } -> True rless(0#1, rplus(x, 1#1)) { True } -> True)]]] DT{rminus}[DT{Var}[DT{Other}[E(rminus(x, x) { True } -> 0#1 rminus(x, 0#1) { True } -> x)] DT{Var}[E(rminus(x, x) { True } -> 0#1)] DT{rminus}[E(rminus(x, rminus(a - b)) { True } -> rplus(b, rminus(x - a)))]] DT{rplus}[DT{rplus}[E(rminus(rplus(x, 1#1), rplus(y, 1#1)) { True } -> rminus(x, y))] DT{rminus}[E(rminus(x, rminus(a - b)) { True } -> rplus(b, rminus(x - a)))]]] DT{nless}[DT{Var}[DT{nminus}[E(nless(x, x) { True } -> False nless(a, nminus(b, x)) { True } -> nless(nplus(x, a), b))] DT{Var}[E(nless(x, x) { True } -> False)] DT{nplus}[E(nless(x, nplus(x, 1)) { True } -> True)]] DT{nminus}[DT{Var}[E(nless(x, x) { True } -> False nless(nminus(x, 1), y) { True } -> nless(x, nplus(y, 1)) nless(nminus(x, a), b) { True } -> nless(x, nplus(a, b)))] DT{nplus}[E(nless(x, nplus(x, 1)) { True } -> True)]] DT{nplus}[DT{nplus}[E(nless(x, nplus(x, 1)) { True } -> True nless(nplus(a, 1), b) { not(b == nplus(a, 1)) & nless(a, b) } -> True nless(nplus(y, x), nplus(z, x)) { True } -> nless(y, z))] DT{Var}[E(nless(nplus(a, 1), b) { not(b == nplus(a, 1)) & nless(a, b) } -> True)]] DT{Other}[DT{nplus}[E(nless(x, nplus(x, 1)) { True } -> True nless(0, nplus(x, 1)) { True } -> True)]]] DT{nminus}[DT{Var}[DT{Other}[E(nminus(x, x) { True } -> 0 nminus(x, 0) { True } -> x)] DT{Var}[E(nminus(x, x) { True } -> 0)] DT{nminus}[E(nminus(x, nminus(a - b)) { True } -> nplus(b, nminus(x - a)))]] DT{nplus}[DT{nplus}[E(nminus(nplus(x, 1), nplus(y, 1)) { True } -> nminus(x, y))] DT{nminus}[E(nminus(x, nminus(a - b)) { True } -> nplus(b, nminus(x - a)))]]] DT{preceq}[DT{Other}[DT{Var}[E(preceq(0, y) { True } -> True)]]] DT{&}[DS{== rless}[E(y  == x & rless(y, x) { True } -> False)] DS{rless}[E(rless(x, y) & rless(y, x) { True } -> False)] DS{== nless}[E(y  == x & nless(y, x) { True } -> False)] DS{nless}[E(nless(x, y) & nless(y, x) { True } -> False)]] DT{|}[DS{== nless}[E(y  == x | nless(x, y) | nless(y, x) { True } -> True)] DS{== rless}[E(rless(x, y) | y  == x | rless(y, x) { True } -> True)]] DT{nplus}[DS{nminus}[E(nplus(b, nminus(x, a)) { True } -> nminus(x, nminus(a, b)))]] DT{ntimes}[DS{nplus}[E(ntimes(x, nplus(y, z)) { True } -> nplus(ntimes(y, x), ntimes(z, x)))]] DT{rplus}[DS{rminus}[E(rplus(b, rminus(x, a)) { True } -> rminus(x, rminus(a, b)))]] DT{rtimes}[DS{rplus}[E(rtimes(x, rplus(y, z)) { True } -> rplus(rtimes(y, x), rtimes(z, x)))]] DT{==}[DS{nplus}[E(x == nplus(x, 1) { True } -> False nplus(y, x) == nplus(z, x) { True } -> y == z)] DS{nminus}[E(b == nminus(x, a) { True } -> x == nplus(a, b))] DS{ntimes}[E(ntimes(y, x) == ntimes(z, x) { not(x == 0) } -> y == z)] DS{rplus}[E(x == rplus(x, 1#1) { True } -> False rplus(y, x) == rplus(z, x) { True } -> y == z)] DS{rminus}[E(b == rminus(x, a) { True } -> x == rplus(a, b))] DS{rtimes}[E(rtimes(y, x) == rtimes(z, x) { not(x == 0#1) } -> y == z)]] DT{magicWand}[DT{star}[DT{Var}[E(magicWand(star(a, b), b) { True } -> a) DT{Var}[E(magicWand(a, a, h) { True } -> apply(St(Nil, Nil), h))]] DT{star}[E(magicWand(star(a, b), star(a, c)) { True } -> magicWand(a, c)) DT{Var}[E(magicWand(a, a, h) { True } -> apply(St(Nil, Nil), h))]]] DT{Var}[DT{Var}[DT{Var}[E(magicWand(a, a, h) { True } -> apply(St(Nil, Nil), h))]]]] 
    Rules:
      P: DT{rless}[DT{Var}[DT{rminus}[E(rless(x, x) { True } -> False rless(a, rminus(b, x)) { True } -> rless(rplus(x, a), b))] DT{Var}[E(rless(x, x) { True } -> False)] DT{rplus}[E(rless(x, rplus(x, 1#1)) { True } -> True)]] DT{rminus}[DT{Var}[E(rless(x, x) { True } -> False rless(rminus(x, 1#1), y) { True } -> rless(x, rplus(y, 1#1)) rless(rminus(x, a), b) { True } -> rless(x, rplus(a, b)))] DT{rplus}[E(rless(x, rplus(x, 1#1)) { True } -> True)]] DT{rplus}[DT{rplus}[E(rless(x, rplus(x, 1#1)) { True } -> True rless(rplus(y, x), rplus(z, x)) { True } -> rless(y, z))]] DT{Other}[DT{rplus}[E(rless(x, rplus(x, 1#1)) { True } -> True rless(0#1, rplus(x, 1#1)) { True } -> True)]]] DT{rminus}[DT{Var}[DT{Other}[E(rminus(x, x) { True } -> 0#1 rminus(x, 0#1) { True } -> x)] DT{Var}[E(rminus(x, x) { True } -> 0#1)] DT{rminus}[E(rminus(x, rminus(a - b)) { True } -> rplus(b, rminus(x - a)))]] DT{rplus}[DT{rplus}[E(rminus(rplus(x, 1#1), rplus(y, 1#1)) { True } -> rminus(x, y))] DT{rminus}[E(rminus(x, rminus(a - b)) { True } -> rplus(b, rminus(x - a)))]]] DT{nless}[DT{Var}[DT{nminus}[E(nless(x, x) { True } -> False nless(a, nminus(b, x)) { True } -> nless(nplus(x, a), b))] DT{Var}[E(nless(x, x) { True } -> False)] DT{nplus}[E(nless(x, nplus(x, 1)) { True } -> True)]] DT{nminus}[DT{Var}[E(nless(x, x) { True } -> False nless(nminus(x, 1), y) { True } -> nless(x, nplus(y, 1)) nless(nminus(x, a), b) { True } -> nless(x, nplus(a, b)))] DT{nplus}[E(nless(x, nplus(x, 1)) { True } -> True)]] DT{nplus}[DT{nplus}[E(nless(x, nplus(x, 1)) { True } -> True nless(nplus(a, 1), b) { not(b == nplus(a, 1)) & nless(a, b) } -> True nless(nplus(y, x), nplus(z, x)) { True } -> nless(y, z))] DT{Var}[E(nless(nplus(a, 1), b) { not(b == nplus(a, 1)) & nless(a, b) } -> True)]] DT{Other}[DT{nplus}[E(nless(x, nplus(x, 1)) { True } -> True nless(0, nplus(x, 1)) { True } -> True)]]] DT{nminus}[DT{Var}[DT{Other}[E(nminus(x, x) { True } -> 0 nminus(x, 0) { True } -> x)] DT{Var}[E(nminus(x, x) { True } -> 0)] DT{nminus}[E(nminus(x, nminus(a - b)) { True } -> nplus(b, nminus(x - a)))]] DT{nplus}[DT{nplus}[E(nminus(nplus(x, 1), nplus(y, 1)) { True } -> nminus(x, y))] DT{nminus}[E(nminus(x, nminus(a - b)) { True } -> nplus(b, nminus(x - a)))]]] DT{preceq}[DT{Other}[DT{Var}[E(preceq(0, y) { True } -> True)]]] DT{&}[DS{== rless}[E(y  == x & rless(y, x) { True } -> False)] DS{rless}[E(rless(x, y) & rless(y, x) { True } -> False)] DS{== nless}[E(y  == x & nless(y, x) { True } -> False)] DS{nless}[E(nless(x, y) & nless(y, x) { True } -> False)]] DT{|}[DS{== nless}[E(y  == x | nless(x, y) | nless(y, x) { True } -> True)] DS{== rless}[E(rless(x, y) | y  == x | rless(y, x) { True } -> True)]] DT{nplus}[DS{nminus}[E(nplus(b, nminus(x, a)) { True } -> nminus(x, nminus(a, b)))]] DT{ntimes}[DS{nplus}[E(ntimes(x, nplus(y, z)) { True } -> nplus(ntimes(y, x), ntimes(z, x)))]] DT{rplus}[DS{rminus}[E(rplus(b, rminus(x, a)) { True } -> rminus(x, rminus(a, b)))]] DT{rtimes}[DS{rplus}[E(rtimes(x, rplus(y, z)) { True } -> rplus(rtimes(y, x), rtimes(z, x)))]] DT{==}[DS{nplus}[E(x == nplus(x, 1) { True } -> False nplus(y, x) == nplus(z, x) { True } -> y == z)] DS{nminus}[E(b == nminus(x, a) { True } -> x == nplus(a, b))] DS{ntimes}[E(ntimes(y, x) == ntimes(z, x) { not(x == 0) } -> y == z)] DS{rplus}[E(x == rplus(x, 1#1) { True } -> False rplus(y, x) == rplus(z, x) { True } -> y == z)] DS{rminus}[E(b == rminus(x, a) { True } -> x == rplus(a, b))] DS{rtimes}[E(rtimes(y, x) == rtimes(z, x) { not(x == 0#1) } -> y == z)]] DT{magicWand}[DT{star}[DT{Var}[E(magicWand(star(a, b), b) { True } -> a) DT{Var}[E(magicWand(a, a, h) { True } -> apply(St(Nil, Nil), h))]] DT{star}[E(magicWand(star(a, b), star(a, c)) { True } -> magicWand(a, c)) DT{Var}[E(magicWand(a, a, h) { True } -> apply(St(Nil, Nil), h))]]] DT{Var}[DT{Var}[DT{Var}[E(magicWand(a, a, h) { True } -> apply(St(Nil, Nil), h))]]]] 
      magicWand(a, a, h) { True } -> apply(St(Nil, Nil), h)
    match magicWand(a, a, h) magicWand(x, x, h)
      equal x x
      equal: Yes
    end match magicWand(a, a, h) magicWand(x, x, h)
    Applying magicWand(a, a, h) { True } -> apply(St(Nil, Nil), h) to magicWand(x, x, h)
      Match count: 1
      Match2 count: 1
      Match3 count: 1
      rewriting subterm: True
        rewriting expression: True
          Result:
            <<19>>
            True
        end rewrite for: True
        Result:
          <<19>>
          True
      end rewrite subterm: True
      r: apply(St(Nil, Nil), N[h])
      Result count: 1
    End apply magicWand(a, a, h) { True } -> apply(St(Nil, Nil), h) to magicWand(x, x, h)
    rewriting expression: apply(St(Nil, Nil), N[h])
      rewriting expression: St(<<518>>, <<518>>)
        rewriting expression: Nil
          Result:
            <<518>>
            Nil
        end rewrite for: Nil
        rewriting expression: Nil
          Result:
            <<518>>
            Nil
        end rewrite for: Nil
        builtin St(<<518>>, <<518>>)
        end builtin St(Nil, Nil)
        magicWand(a, a, h) { True } -> apply(St(Nil, Nil), h)
        magicWand(star(a, b), star(a, c)) { True } -> magicWand(a, c)
        magicWand(star(a, b), b) { True } -> a
        rless(x, rplus(x, 1#1)) { True } -> True
        rless(0#1, rplus(1#1, x)) { True } -> True
        rless(rplus(x, y), rplus(x, z)) { True } -> rless(y, z)
        rless(y, z) { True } = rless(rplus(x, y), rplus(x, z))
        rless(x, x) { True } -> False
        rless(rminus(x, 1#1), y) { True } -> rless(x, rplus(y, 1#1))
        rless(x, rplus(y, 1#1)) { True } = rless(rminus(x, 1), y)
        rless(rminus(x, a), b) { True } -> rless(x, rplus(a, b))
        rless(x, rplus(a, b)) { True } = rless(rminus(x, a), b)
        rless(a, rminus(b, x)) { True } -> rless(rplus(a, x), b)
        rless(rplus(a, x), b) { True } = rless(a, rminus(b, x))
        rtimes(x, rplus(y, z)) { True } -> rplus(rtimes(x, y), rtimes(x, z))
        rminus(x, rplus(a, b)) { True } = rminus(rminus(x, a), b)
        rminus(rminus(x, a), b) { True } = rminus(x, rplus(a, b))
        rminus(x, rminus(a - b)) { True } -> rplus(rminus(x - a), b)
        rminus(rplus(x, a), b) { True } = rplus(rminus(x, b), a)
        rminus(rplus(a, b), c) { not(rless(c, a)) } = rplus(rminus(a, c), b)
        rminus(rplus(1#1, x), rplus(1#1, y)) { True } -> rminus(x, y)
        rminus(x, y) { True } = rminus(rplus(1#1, x), rplus(1#1, y))
        rminus(x, x) { True } -> 0#1
        rminus(x, 0#1) { True } -> x
        rplus(rminus(x, a), b) { True } -> rminus(x, rminus(a, b))
        rplus(rminus(x, b), a) { True } = rminus(nplus(x, a), b)
        rplus(rminus(a, c), b) { True } = rminus(rplus(a, b), c)
        rplus(x, 0#1) { True } = x
        nless(x, nplus(x, 1)) { True } -> True
        nless(0, nplus(1, x)) { True } -> True
        nless(nplus(a, 1), b) { not(nplus(a, 1) == b) & nless(a, b) } -> True
        nless(nplus(x, y), nplus(x, z)) { True } -> nless(y, z)
        nless(y, z) { True } = nless(nplus(x, y), nplus(x, z))
        nless(x, x) { True } -> False
        nless(nminus(x, 1), y) { True } -> nless(x, nplus(y, 1))
        nless(x, nplus(y, 1)) { True } = nless(nminus(x, 1), y)
        nless(nminus(x, a), b) { True } -> nless(x, nplus(a, b))
        nless(x, nplus(a, b)) { True } = nless(nminus(x, a), b)
        nless(a, nminus(b, x)) { True } -> nless(nplus(a, x), b)
        nless(nplus(a, x), b) { True } = nless(a, nminus(b, x))
        ntimes(x, nplus(y, z)) { True } -> nplus(ntimes(x, y), ntimes(x, z))
        nminus(x, nplus(a, b)) { True } = nminus(nminus(x, a), b)
        nminus(nminus(x, a), b) { True } = nminus(x, nplus(a, b))
        nminus(x, nminus(a - b)) { True } -> nplus(nminus(x - a), b)
        nminus(nplus(x, a), b) { True } = nplus(nminus(x, b), a)
        nminus(nplus(a, b), c) { not(nless(c, a)) } = nplus(nminus(a, c), b)
        nminus(nplus(1, x), nplus(1, y)) { True } -> nminus(x, y)
        nminus(x, y) { True } = nminus(nplus(1, x) - nplus(1, y))
        nminus(x, x) { True } -> 0
        nminus(x, 0) { True } -> x
        nplus(nminus(x, a), b) { True } -> nminus(x, nminus(a, b))
        nplus(nminus(x, b), a) { True } = nminus(nplus(x, a), b)
        nplus(nminus(a, c), b) { True } = nminus(nplus(a, b), c)
        nplus(x, 0) { True } = x
        nplus(ntimes(x, y), ntimes(x, z)) { True } = ntimes(x, nplus(y, z))
        preceq(0, y) { True } -> True
        nminus(x, y) == z { True } = x == nplus(y, z)
        x == nplus(y, z) { True } = nminus(x, y) == z
        x == y { nless(x, y) } = False
        x == nplus(x, 1) { True } -> False
        nplus(x, y) == nplus(x, z) { True } -> y == z
        y == z { True } = nplus(x, y) == nplus(x, z)
        nminus(x, a) == b { True } -> x == nplus(a, b)
        x == nplus(a, b) { True } = nminus(x, a) == b
        ntimes(x, y) == ntimes(x, z) { not(x == 0) } -> y == z
        y == z { not(x == 0) } = ntimes(x, y) == ntimes(x, z)
        rminus(x, y) == z { True } = x == rplus(y, z)
        x == rplus(y, z) { True } = rminus(x, y) == z
        x == y { rless(x, y) } = False
        x == rplus(x, 1#1) { True } -> False
        rplus(x, y) == rplus(x, z) { True } -> y == z
        y == z { True } = rplus(x, y) == rplus(x, z)
        rminus(x, a) == b { True } -> x == rplus(a, b)
        x == rplus(a, b) { True } = rminus(x, a) == b
        rtimes(x, y) == rtimes(x, z) { not(x == 0#1) } -> y == z
        y == z { not(x == 0#1) } = rtimes(x, y) == rtimes(x, z)
        nless(x, y) | nless(y, x) | x  == y { True } -> True
        rless(x, y) | rless(y, x) | x  == y { True } -> True
        nless(x, y) & nless(y, x) { True } -> False
        x  == y & nless(y, x) { True } -> False
        rless(x, y) & rless(y, x) { True } -> False
        x  == y & rless(y, x) { True } -> False
        False { nless(x, y) } = x == y
        False { True } = nless(x, y) & nless(y, x)
        False { True } = nless(x, y) & y  == x
        False { True } = x == nplus(x, 1)
        False { True } = nless(x, x)
        False { rless(x, y) } = x == y
        False { True } = rless(x, y) & rless(y, x)
        False { True } = rless(x, y) & y  == x
        False { True } = x == rplus(x, 1#1)
        False { True } = rless(x, x)
        True { True } = nless(x, nplus(x, 1))
        True { True } = preceq(0, y)
        True { True } = nless(0, nplus(1, x))
        True { True } = nless(x, y) | nless(y, x) | x  == y
        True { True } = nless(nplus(a, 1), b)
        True { True } = rless(x, rplus(x, 1#1))
        True { True } = rless(0, rplus(1#1, x))
        True { True } = rless(x, y) | rless(y, x) | x  == y
        0 { True } = nminus(x, x)
        x { True } = nminus(x, 0)
        x { True } = nplus(x, 0)
        0#1 { True } = rminus(x, x)
        x { True } = rminus(x, 0#1)
        x { True } = rplus(x, 0#1)
        DT{rless}[DT{Var}[DT{rminus}[E(rless(x, x) { True } -> False rless(a, rminus(b, x)) { True } -> rless(rplus(x, a), b))] DT{Var}[E(rless(x, x) { True } -> False)] DT{rplus}[E(rless(x, rplus(x, 1#1)) { True } -> True)]] DT{rminus}[DT{Var}[E(rless(x, x) { True } -> False rless(rminus(x, 1#1), y) { True } -> rless(x, rplus(y, 1#1)) rless(rminus(x, a), b) { True } -> rless(x, rplus(a, b)))] DT{rplus}[E(rless(x, rplus(x, 1#1)) { True } -> True)]] DT{rplus}[DT{rplus}[E(rless(x, rplus(x, 1#1)) { True } -> True rless(rplus(y, x), rplus(z, x)) { True } -> rless(y, z))]] DT{Other}[DT{rplus}[E(rless(x, rplus(x, 1#1)) { True } -> True rless(0#1, rplus(x, 1#1)) { True } -> True)]]] DT{rminus}[DT{Var}[DT{Other}[E(rminus(x, x) { True } -> 0#1 rminus(x, 0#1) { True } -> x)] DT{Var}[E(rminus(x, x) { True } -> 0#1)] DT{rminus}[E(rminus(x, rminus(a - b)) { True } -> rplus(b, rminus(x - a)))]] DT{rplus}[DT{rplus}[E(rminus(rplus(x, 1#1), rplus(y, 1#1)) { True } -> rminus(x, y))] DT{rminus}[E(rminus(x, rminus(a - b)) { True } -> rplus(b, rminus(x - a)))]]] DT{nless}[DT{Var}[DT{nminus}[E(nless(x, x) { True } -> False nless(a, nminus(b, x)) { True } -> nless(nplus(x, a), b))] DT{Var}[E(nless(x, x) { True } -> False)] DT{nplus}[E(nless(x, nplus(x, 1)) { True } -> True)]] DT{nminus}[DT{Var}[E(nless(x, x) { True } -> False nless(nminus(x, 1), y) { True } -> nless(x, nplus(y, 1)) nless(nminus(x, a), b) { True } -> nless(x, nplus(a, b)))] DT{nplus}[E(nless(x, nplus(x, 1)) { True } -> True)]] DT{nplus}[DT{nplus}[E(nless(x, nplus(x, 1)) { True } -> True nless(nplus(a, 1), b) { not(b == nplus(a, 1)) & nless(a, b) } -> True nless(nplus(y, x), nplus(z, x)) { True } -> nless(y, z))] DT{Var}[E(nless(nplus(a, 1), b) { not(b == nplus(a, 1)) & nless(a, b) } -> True)]] DT{Other}[DT{nplus}[E(nless(x, nplus(x, 1)) { True } -> True nless(0, nplus(x, 1)) { True } -> True)]]] DT{nminus}[DT{Var}[DT{Other}[E(nminus(x, x) { True } -> 0 nminus(x, 0) { True } -> x)] DT{Var}[E(nminus(x, x) { True } -> 0)] DT{nminus}[E(nminus(x, nminus(a - b)) { True } -> nplus(b, nminus(x - a)))]] DT{nplus}[DT{nplus}[E(nminus(nplus(x, 1), nplus(y, 1)) { True } -> nminus(x, y))] DT{nminus}[E(nminus(x, nminus(a - b)) { True } -> nplus(b, nminus(x - a)))]]] DT{preceq}[DT{Other}[DT{Var}[E(preceq(0, y) { True } -> True)]]] DT{&}[DS{== rless}[E(y  == x & rless(y, x) { True } -> False)] DS{rless}[E(rless(x, y) & rless(y, x) { True } -> False)] DS{== nless}[E(y  == x & nless(y, x) { True } -> False)] DS{nless}[E(nless(x, y) & nless(y, x) { True } -> False)]] DT{|}[DS{== nless}[E(y  == x | nless(x, y) | nless(y, x) { True } -> True)] DS{== rless}[E(rless(x, y) | y  == x | rless(y, x) { True } -> True)]] DT{nplus}[DS{nminus}[E(nplus(b, nminus(x, a)) { True } -> nminus(x, nminus(a, b)))]] DT{ntimes}[DS{nplus}[E(ntimes(x, nplus(y, z)) { True } -> nplus(ntimes(y, x), ntimes(z, x)))]] DT{rplus}[DS{rminus}[E(rplus(b, rminus(x, a)) { True } -> rminus(x, rminus(a, b)))]] DT{rtimes}[DS{rplus}[E(rtimes(x, rplus(y, z)) { True } -> rplus(rtimes(y, x), rtimes(z, x)))]] DT{==}[DS{nplus}[E(x == nplus(x, 1) { True } -> False nplus(y, x) == nplus(z, x) { True } -> y == z)] DS{nminus}[E(b == nminus(x, a) { True } -> x == nplus(a, b))] DS{ntimes}[E(ntimes(y, x) == ntimes(z, x) { not(x == 0) } -> y == z)] DS{rplus}[E(x == rplus(x, 1#1) { True } -> False rplus(y, x) == rplus(z, x) { True } -> y == z)] DS{rminus}[E(b == rminus(x, a) { True } -> x == rplus(a, b))] DS{rtimes}[E(rtimes(y, x) == rtimes(z, x) { not(x == 0#1) } -> y == z)]] DT{magicWand}[DT{star}[DT{Var}[E(magicWand(star(a, b), b) { True } -> a) DT{Var}[E(magicWand(a, a, h) { True } -> apply(St(Nil, Nil), h))]] DT{star}[E(magicWand(star(a, b), star(a, c)) { True } -> magicWand(a, c)) DT{Var}[E(magicWand(a, a, h) { True } -> apply(St(Nil, Nil), h))]]] DT{Var}[DT{Var}[DT{Var}[E(magicWand(a, a, h) { True } -> apply(St(Nil, Nil), h))]]]] 
        Rules:
          P: DT{rless}[DT{Var}[DT{rminus}[E(rless(x, x) { True } -> False rless(a, rminus(b, x)) { True } -> rless(rplus(x, a), b))] DT{Var}[E(rless(x, x) { True } -> False)] DT{rplus}[E(rless(x, rplus(x, 1#1)) { True } -> True)]] DT{rminus}[DT{Var}[E(rless(x, x) { True } -> False rless(rminus(x, 1#1), y) { True } -> rless(x, rplus(y, 1#1)) rless(rminus(x, a), b) { True } -> rless(x, rplus(a, b)))] DT{rplus}[E(rless(x, rplus(x, 1#1)) { True } -> True)]] DT{rplus}[DT{rplus}[E(rless(x, rplus(x, 1#1)) { True } -> True rless(rplus(y, x), rplus(z, x)) { True } -> rless(y, z))]] DT{Other}[DT{rplus}[E(rless(x, rplus(x, 1#1)) { True } -> True rless(0#1, rplus(x, 1#1)) { True } -> True)]]] DT{rminus}[DT{Var}[DT{Other}[E(rminus(x, x) { True } -> 0#1 rminus(x, 0#1) { True } -> x)] DT{Var}[E(rminus(x, x) { True } -> 0#1)] DT{rminus}[E(rminus(x, rminus(a - b)) { True } -> rplus(b, rminus(x - a)))]] DT{rplus}[DT{rplus}[E(rminus(rplus(x, 1#1), rplus(y, 1#1)) { True } -> rminus(x, y))] DT{rminus}[E(rminus(x, rminus(a - b)) { True } -> rplus(b, rminus(x - a)))]]] DT{nless}[DT{Var}[DT{nminus}[E(nless(x, x) { True } -> False nless(a, nminus(b, x)) { True } -> nless(nplus(x, a), b))] DT{Var}[E(nless(x, x) { True } -> False)] DT{nplus}[E(nless(x, nplus(x, 1)) { True } -> True)]] DT{nminus}[DT{Var}[E(nless(x, x) { True } -> False nless(nminus(x, 1), y) { True } -> nless(x, nplus(y, 1)) nless(nminus(x, a), b) { True } -> nless(x, nplus(a, b)))] DT{nplus}[E(nless(x, nplus(x, 1)) { True } -> True)]] DT{nplus}[DT{nplus}[E(nless(x, nplus(x, 1)) { True } -> True nless(nplus(a, 1), b) { not(b == nplus(a, 1)) & nless(a, b) } -> True nless(nplus(y, x), nplus(z, x)) { True } -> nless(y, z))] DT{Var}[E(nless(nplus(a, 1), b) { not(b == nplus(a, 1)) & nless(a, b) } -> True)]] DT{Other}[DT{nplus}[E(nless(x, nplus(x, 1)) { True } -> True nless(0, nplus(x, 1)) { True } -> True)]]] DT{nminus}[DT{Var}[DT{Other}[E(nminus(x, x) { True } -> 0 nminus(x, 0) { True } -> x)] DT{Var}[E(nminus(x, x) { True } -> 0)] DT{nminus}[E(nminus(x, nminus(a - b)) { True } -> nplus(b, nminus(x - a)))]] DT{nplus}[DT{nplus}[E(nminus(nplus(x, 1), nplus(y, 1)) { True } -> nminus(x, y))] DT{nminus}[E(nminus(x, nminus(a - b)) { True } -> nplus(b, nminus(x - a)))]]] DT{preceq}[DT{Other}[DT{Var}[E(preceq(0, y) { True } -> True)]]] DT{&}[DS{== rless}[E(y  == x & rless(y, x) { True } -> False)] DS{rless}[E(rless(x, y) & rless(y, x) { True } -> False)] DS{== nless}[E(y  == x & nless(y, x) { True } -> False)] DS{nless}[E(nless(x, y) & nless(y, x) { True } -> False)]] DT{|}[DS{== nless}[E(y  == x | nless(x, y) | nless(y, x) { True } -> True)] DS{== rless}[E(rless(x, y) | y  == x | rless(y, x) { True } -> True)]] DT{nplus}[DS{nminus}[E(nplus(b, nminus(x, a)) { True } -> nminus(x, nminus(a, b)))]] DT{ntimes}[DS{nplus}[E(ntimes(x, nplus(y, z)) { True } -> nplus(ntimes(y, x), ntimes(z, x)))]] DT{rplus}[DS{rminus}[E(rplus(b, rminus(x, a)) { True } -> rminus(x, rminus(a, b)))]] DT{rtimes}[DS{rplus}[E(rtimes(x, rplus(y, z)) { True } -> rplus(rtimes(y, x), rtimes(z, x)))]] DT{==}[DS{nplus}[E(x == nplus(x, 1) { True } -> False nplus(y, x) == nplus(z, x) { True } -> y == z)] DS{nminus}[E(b == nminus(x, a) { True } -> x == nplus(a, b))] DS{ntimes}[E(ntimes(y, x) == ntimes(z, x) { not(x == 0) } -> y == z)] DS{rplus}[E(x == rplus(x, 1#1) { True } -> False rplus(y, x) == rplus(z, x) { True } -> y == z)] DS{rminus}[E(b == rminus(x, a) { True } -> x == rplus(a, b))] DS{rtimes}[E(rtimes(y, x) == rtimes(z, x) { not(x == 0#1) } -> y == z)]] DT{magicWand}[DT{star}[DT{Var}[E(magicWand(star(a, b), b) { True } -> a) DT{Var}[E(magicWand(a, a, h) { True } -> apply(St(Nil, Nil), h))]] DT{star}[E(magicWand(star(a, b), star(a, c)) { True } -> magicWand(a, c)) DT{Var}[E(magicWand(a, a, h) { True } -> apply(St(Nil, Nil), h))]]] DT{Var}[DT{Var}[DT{Var}[E(magicWand(a, a, h) { True } -> apply(St(Nil, Nil), h))]]]] 
        Result:
          <<792>>
          St(Nil, Nil)
      end rewrite for: St(<<518>>, <<518>>)
      rewriting expression: h
        Result:
          <<790>>
          h
      end rewrite for: h
      builtin apply(<<792>>, <<790>>)
      end builtin apply(St(<<518>>, <<518>>), h)
      magicWand(a, a, h) { True } -> apply(St(Nil, Nil), h)
      magicWand(star(a, b), star(a, c)) { True } -> magicWand(a, c)
      magicWand(star(a, b), b) { True } -> a
      rless(x, rplus(x, 1#1)) { True } -> True
      rless(0#1, rplus(1#1, x)) { True } -> True
      rless(rplus(x, y), rplus(x, z)) { True } -> rless(y, z)
      rless(y, z) { True } = rless(rplus(x, y), rplus(x, z))
      rless(x, x) { True } -> False
      rless(rminus(x, 1#1), y) { True } -> rless(x, rplus(y, 1#1))
      rless(x, rplus(y, 1#1)) { True } = rless(rminus(x, 1), y)
      rless(rminus(x, a), b) { True } -> rless(x, rplus(a, b))
      rless(x, rplus(a, b)) { True } = rless(rminus(x, a), b)
      rless(a, rminus(b, x)) { True } -> rless(rplus(a, x), b)
      rless(rplus(a, x), b) { True } = rless(a, rminus(b, x))
      rtimes(x, rplus(y, z)) { True } -> rplus(rtimes(x, y), rtimes(x, z))
      rminus(x, rplus(a, b)) { True } = rminus(rminus(x, a), b)
      rminus(rminus(x, a), b) { True } = rminus(x, rplus(a, b))
      rminus(x, rminus(a - b)) { True } -> rplus(rminus(x - a), b)
      rminus(rplus(x, a), b) { True } = rplus(rminus(x, b), a)
      rminus(rplus(a, b), c) { not(rless(c, a)) } = rplus(rminus(a, c), b)
      rminus(rplus(1#1, x), rplus(1#1, y)) { True } -> rminus(x, y)
      rminus(x, y) { True } = rminus(rplus(1#1, x), rplus(1#1, y))
      rminus(x, x) { True } -> 0#1
      rminus(x, 0#1) { True } -> x
      rplus(rminus(x, a), b) { True } -> rminus(x, rminus(a, b))
      rplus(rminus(x, b), a) { True } = rminus(nplus(x, a), b)
      rplus(rminus(a, c), b) { True } = rminus(rplus(a, b), c)
      rplus(x, 0#1) { True } = x
      nless(x, nplus(x, 1)) { True } -> True
      nless(0, nplus(1, x)) { True } -> True
      nless(nplus(a, 1), b) { not(nplus(a, 1) == b) & nless(a, b) } -> True
      nless(nplus(x, y), nplus(x, z)) { True } -> nless(y, z)
      nless(y, z) { True } = nless(nplus(x, y), nplus(x, z))
      nless(x, x) { True } -> False
      nless(nminus(x, 1), y) { True } -> nless(x, nplus(y, 1))
      nless(x, nplus(y, 1)) { True } = nless(nminus(x, 1), y)
      nless(nminus(x, a), b) { True } -> nless(x, nplus(a, b))
      nless(x, nplus(a, b)) { True } = nless(nminus(x, a), b)
      nless(a, nminus(b, x)) { True } -> nless(nplus(a, x), b)
      nless(nplus(a, x), b) { True } = nless(a, nminus(b, x))
      ntimes(x, nplus(y, z)) { True } -> nplus(ntimes(x, y), ntimes(x, z))
      nminus(x, nplus(a, b)) { True } = nminus(nminus(x, a), b)
      nminus(nminus(x, a), b) { True } = nminus(x, nplus(a, b))
      nminus(x, nminus(a - b)) { True } -> nplus(nminus(x - a), b)
      nminus(nplus(x, a), b) { True } = nplus(nminus(x, b), a)
      nminus(nplus(a, b), c) { not(nless(c, a)) } = nplus(nminus(a, c), b)
      nminus(nplus(1, x), nplus(1, y)) { True } -> nminus(x, y)
      nminus(x, y) { True } = nminus(nplus(1, x) - nplus(1, y))
      nminus(x, x) { True } -> 0
      nminus(x, 0) { True } -> x
      nplus(nminus(x, a), b) { True } -> nminus(x, nminus(a, b))
      nplus(nminus(x, b), a) { True } = nminus(nplus(x, a), b)
      nplus(nminus(a, c), b) { True } = nminus(nplus(a, b), c)
      nplus(x, 0) { True } = x
      nplus(ntimes(x, y), ntimes(x, z)) { True } = ntimes(x, nplus(y, z))
      preceq(0, y) { True } -> True
      nminus(x, y) == z { True } = x == nplus(y, z)
      x == nplus(y, z) { True } = nminus(x, y) == z
      x == y { nless(x, y) } = False
      x == nplus(x, 1) { True } -> False
      nplus(x, y) == nplus(x, z) { True } -> y == z
      y == z { True } = nplus(x, y) == nplus(x, z)
      nminus(x, a) == b { True } -> x == nplus(a, b)
      x == nplus(a, b) { True } = nminus(x, a) == b
      ntimes(x, y) == ntimes(x, z) { not(x == 0) } -> y == z
      y == z { not(x == 0) } = ntimes(x, y) == ntimes(x, z)
      rminus(x, y) == z { True } = x == rplus(y, z)
      x == rplus(y, z) { True } = rminus(x, y) == z
      x == y { rless(x, y) } = False
      x == rplus(x, 1#1) { True } -> False
      rplus(x, y) == rplus(x, z) { True } -> y == z
      y == z { True } = rplus(x, y) == rplus(x, z)
      rminus(x, a) == b { True } -> x == rplus(a, b)
      x == rplus(a, b) { True } = rminus(x, a) == b
      rtimes(x, y) == rtimes(x, z) { not(x == 0#1) } -> y == z
      y == z { not(x == 0#1) } = rtimes(x, y) == rtimes(x, z)
      nless(x, y) | nless(y, x) | x  == y { True } -> True
      rless(x, y) | rless(y, x) | x  == y { True } -> True
      nless(x, y) & nless(y, x) { True } -> False
      x  == y & nless(y, x) { True } -> False
      rless(x, y) & rless(y, x) { True } -> False
      x  == y & rless(y, x) { True } -> False
      False { nless(x, y) } = x == y
      False { True } = nless(x, y) & nless(y, x)
      False { True } = nless(x, y) & y  == x
      False { True } = x == nplus(x, 1)
      False { True } = nless(x, x)
      False { rless(x, y) } = x == y
      False { True } = rless(x, y) & rless(y, x)
      False { True } = rless(x, y) & y  == x
      False { True } = x == rplus(x, 1#1)
      False { True } = rless(x, x)
      True { True } = nless(x, nplus(x, 1))
      True { True } = preceq(0, y)
      True { True } = nless(0, nplus(1, x))
      True { True } = nless(x, y) | nless(y, x) | x  == y
      True { True } = nless(nplus(a, 1), b)
      True { True } = rless(x, rplus(x, 1#1))
      True { True } = rless(0, rplus(1#1, x))
      True { True } = rless(x, y) | rless(y, x) | x  == y
      0 { True } = nminus(x, x)
      x { True } = nminus(x, 0)
      x { True } = nplus(x, 0)
      0#1 { True } = rminus(x, x)
      x { True } = rminus(x, 0#1)
      x { True } = rplus(x, 0#1)
      DT{rless}[DT{Var}[DT{rminus}[E(rless(x, x) { True } -> False rless(a, rminus(b, x)) { True } -> rless(rplus(x, a), b))] DT{Var}[E(rless(x, x) { True } -> False)] DT{rplus}[E(rless(x, rplus(x, 1#1)) { True } -> True)]] DT{rminus}[DT{Var}[E(rless(x, x) { True } -> False rless(rminus(x, 1#1), y) { True } -> rless(x, rplus(y, 1#1)) rless(rminus(x, a), b) { True } -> rless(x, rplus(a, b)))] DT{rplus}[E(rless(x, rplus(x, 1#1)) { True } -> True)]] DT{rplus}[DT{rplus}[E(rless(x, rplus(x, 1#1)) { True } -> True rless(rplus(y, x), rplus(z, x)) { True } -> rless(y, z))]] DT{Other}[DT{rplus}[E(rless(x, rplus(x, 1#1)) { True } -> True rless(0#1, rplus(x, 1#1)) { True } -> True)]]] DT{rminus}[DT{Var}[DT{Other}[E(rminus(x, x) { True } -> 0#1 rminus(x, 0#1) { True } -> x)] DT{Var}[E(rminus(x, x) { True } -> 0#1)] DT{rminus}[E(rminus(x, rminus(a - b)) { True } -> rplus(b, rminus(x - a)))]] DT{rplus}[DT{rplus}[E(rminus(rplus(x, 1#1), rplus(y, 1#1)) { True } -> rminus(x, y))] DT{rminus}[E(rminus(x, rminus(a - b)) { True } -> rplus(b, rminus(x - a)))]]] DT{nless}[DT{Var}[DT{nminus}[E(nless(x, x) { True } -> False nless(a, nminus(b, x)) { True } -> nless(nplus(x, a), b))] DT{Var}[E(nless(x, x) { True } -> False)] DT{nplus}[E(nless(x, nplus(x, 1)) { True } -> True)]] DT{nminus}[DT{Var}[E(nless(x, x) { True } -> False nless(nminus(x, 1), y) { True } -> nless(x, nplus(y, 1)) nless(nminus(x, a), b) { True } -> nless(x, nplus(a, b)))] DT{nplus}[E(nless(x, nplus(x, 1)) { True } -> True)]] DT{nplus}[DT{nplus}[E(nless(x, nplus(x, 1)) { True } -> True nless(nplus(a, 1), b) { not(b == nplus(a, 1)) & nless(a, b) } -> True nless(nplus(y, x), nplus(z, x)) { True } -> nless(y, z))] DT{Var}[E(nless(nplus(a, 1), b) { not(b == nplus(a, 1)) & nless(a, b) } -> True)]] DT{Other}[DT{nplus}[E(nless(x, nplus(x, 1)) { True } -> True nless(0, nplus(x, 1)) { True } -> True)]]] DT{nminus}[DT{Var}[DT{Other}[E(nminus(x, x) { True } -> 0 nminus(x, 0) { True } -> x)] DT{Var}[E(nminus(x, x) { True } -> 0)] DT{nminus}[E(nminus(x, nminus(a - b)) { True } -> nplus(b, nminus(x - a)))]] DT{nplus}[DT{nplus}[E(nminus(nplus(x, 1), nplus(y, 1)) { True } -> nminus(x, y))] DT{nminus}[E(nminus(x, nminus(a - b)) { True } -> nplus(b, nminus(x - a)))]]] DT{preceq}[DT{Other}[DT{Var}[E(preceq(0, y) { True } -> True)]]] DT{&}[DS{== rless}[E(y  == x & rless(y, x) { True } -> False)] DS{rless}[E(rless(x, y) & rless(y, x) { True } -> False)] DS{== nless}[E(y  == x & nless(y, x) { True } -> False)] DS{nless}[E(nless(x, y) & nless(y, x) { True } -> False)]] DT{|}[DS{== nless}[E(y  == x | nless(x, y) | nless(y, x) { True } -> True)] DS{== rless}[E(rless(x, y) | y  == x | rless(y, x) { True } -> True)]] DT{nplus}[DS{nminus}[E(nplus(b, nminus(x, a)) { True } -> nminus(x, nminus(a, b)))]] DT{ntimes}[DS{nplus}[E(ntimes(x, nplus(y, z)) { True } -> nplus(ntimes(y, x), ntimes(z, x)))]] DT{rplus}[DS{rminus}[E(rplus(b, rminus(x, a)) { True } -> rminus(x, rminus(a, b)))]] DT{rtimes}[DS{rplus}[E(rtimes(x, rplus(y, z)) { True } -> rplus(rtimes(y, x), rtimes(z, x)))]] DT{==}[DS{nplus}[E(x == nplus(x, 1) { True } -> False nplus(y, x) == nplus(z, x) { True } -> y == z)] DS{nminus}[E(b == nminus(x, a) { True } -> x == nplus(a, b))] DS{ntimes}[E(ntimes(y, x) == ntimes(z, x) { not(x == 0) } -> y == z)] DS{rplus}[E(x == rplus(x, 1#1) { True } -> False rplus(y, x) == rplus(z, x) { True } -> y == z)] DS{rminus}[E(b == rminus(x, a) { True } -> x == rplus(a, b))] DS{rtimes}[E(rtimes(y, x) == rtimes(z, x) { not(x == 0#1) } -> y == z)]] DT{magicWand}[DT{star}[DT{Var}[E(magicWand(star(a, b), b) { True } -> a) DT{Var}[E(magicWand(a, a, h) { True } -> apply(St(Nil, Nil), h))]] DT{star}[E(magicWand(star(a, b), star(a, c)) { True } -> magicWand(a, c)) DT{Var}[E(magicWand(a, a, h) { True } -> apply(St(Nil, Nil), h))]]] DT{Var}[DT{Var}[DT{Var}[E(magicWand(a, a, h) { True } -> apply(St(Nil, Nil), h))]]]] 
      Rules:
        P: DT{rless}[DT{Var}[DT{rminus}[E(rless(x, x) { True } -> False rless(a, rminus(b, x)) { True } -> rless(rplus(x, a), b))] DT{Var}[E(rless(x, x) { True } -> False)] DT{rplus}[E(rless(x, rplus(x, 1#1)) { True } -> True)]] DT{rminus}[DT{Var}[E(rless(x, x) { True } -> False rless(rminus(x, 1#1), y) { True } -> rless(x, rplus(y, 1#1)) rless(rminus(x, a), b) { True } -> rless(x, rplus(a, b)))] DT{rplus}[E(rless(x, rplus(x, 1#1)) { True } -> True)]] DT{rplus}[DT{rplus}[E(rless(x, rplus(x, 1#1)) { True } -> True rless(rplus(y, x), rplus(z, x)) { True } -> rless(y, z))]] DT{Other}[DT{rplus}[E(rless(x, rplus(x, 1#1)) { True } -> True rless(0#1, rplus(x, 1#1)) { True } -> True)]]] DT{rminus}[DT{Var}[DT{Other}[E(rminus(x, x) { True } -> 0#1 rminus(x, 0#1) { True } -> x)] DT{Var}[E(rminus(x, x) { True } -> 0#1)] DT{rminus}[E(rminus(x, rminus(a - b)) { True } -> rplus(b, rminus(x - a)))]] DT{rplus}[DT{rplus}[E(rminus(rplus(x, 1#1), rplus(y, 1#1)) { True } -> rminus(x, y))] DT{rminus}[E(rminus(x, rminus(a - b)) { True } -> rplus(b, rminus(x - a)))]]] DT{nless}[DT{Var}[DT{nminus}[E(nless(x, x) { True } -> False nless(a, nminus(b, x)) { True } -> nless(nplus(x, a), b))] DT{Var}[E(nless(x, x) { True } -> False)] DT{nplus}[E(nless(x, nplus(x, 1)) { True } -> True)]] DT{nminus}[DT{Var}[E(nless(x, x) { True } -> False nless(nminus(x, 1), y) { True } -> nless(x, nplus(y, 1)) nless(nminus(x, a), b) { True } -> nless(x, nplus(a, b)))] DT{nplus}[E(nless(x, nplus(x, 1)) { True } -> True)]] DT{nplus}[DT{nplus}[E(nless(x, nplus(x, 1)) { True } -> True nless(nplus(a, 1), b) { not(b == nplus(a, 1)) & nless(a, b) } -> True nless(nplus(y, x), nplus(z, x)) { True } -> nless(y, z))] DT{Var}[E(nless(nplus(a, 1), b) { not(b == nplus(a, 1)) & nless(a, b) } -> True)]] DT{Other}[DT{nplus}[E(nless(x, nplus(x, 1)) { True } -> True nless(0, nplus(x, 1)) { True } -> True)]]] DT{nminus}[DT{Var}[DT{Other}[E(nminus(x, x) { True } -> 0 nminus(x, 0) { True } -> x)] DT{Var}[E(nminus(x, x) { True } -> 0)] DT{nminus}[E(nminus(x, nminus(a - b)) { True } -> nplus(b, nminus(x - a)))]] DT{nplus}[DT{nplus}[E(nminus(nplus(x, 1), nplus(y, 1)) { True } -> nminus(x, y))] DT{nminus}[E(nminus(x, nminus(a - b)) { True } -> nplus(b, nminus(x - a)))]]] DT{preceq}[DT{Other}[DT{Var}[E(preceq(0, y) { True } -> True)]]] DT{&}[DS{== rless}[E(y  == x & rless(y, x) { True } -> False)] DS{rless}[E(rless(x, y) & rless(y, x) { True } -> False)] DS{== nless}[E(y  == x & nless(y, x) { True } -> False)] DS{nless}[E(nless(x, y) & nless(y, x) { True } -> False)]] DT{|}[DS{== nless}[E(y  == x | nless(x, y) | nless(y, x) { True } -> True)] DS{== rless}[E(rless(x, y) | y  == x | rless(y, x) { True } -> True)]] DT{nplus}[DS{nminus}[E(nplus(b, nminus(x, a)) { True } -> nminus(x, nminus(a, b)))]] DT{ntimes}[DS{nplus}[E(ntimes(x, nplus(y, z)) { True } -> nplus(ntimes(y, x), ntimes(z, x)))]] DT{rplus}[DS{rminus}[E(rplus(b, rminus(x, a)) { True } -> rminus(x, rminus(a, b)))]] DT{rtimes}[DS{rplus}[E(rtimes(x, rplus(y, z)) { True } -> rplus(rtimes(y, x), rtimes(z, x)))]] DT{==}[DS{nplus}[E(x == nplus(x, 1) { True } -> False nplus(y, x) == nplus(z, x) { True } -> y == z)] DS{nminus}[E(b == nminus(x, a) { True } -> x == nplus(a, b))] DS{ntimes}[E(ntimes(y, x) == ntimes(z, x) { not(x == 0) } -> y == z)] DS{rplus}[E(x == rplus(x, 1#1) { True } -> False rplus(y, x) == rplus(z, x) { True } -> y == z)] DS{rminus}[E(b == rminus(x, a) { True } -> x == rplus(a, b))] DS{rtimes}[E(rtimes(y, x) == rtimes(z, x) { not(x == 0#1) } -> y == z)]] DT{magicWand}[DT{star}[DT{Var}[E(magicWand(star(a, b), b) { True } -> a) DT{Var}[E(magicWand(a, a, h) { True } -> apply(St(Nil, Nil), h))]] DT{star}[E(magicWand(star(a, b), star(a, c)) { True } -> magicWand(a, c)) DT{Var}[E(magicWand(a, a, h) { True } -> apply(St(Nil, Nil), h))]]] DT{Var}[DT{Var}[DT{Var}[E(magicWand(a, a, h) { True } -> apply(St(Nil, Nil), h))]]]] 
      Result:
        <<793>>
        apply(St(Nil, Nil), h)
    end rewrite for: apply(St(Nil, Nil), N[h])
    Result:
      <<793>>
      apply(St(Nil, Nil), h)
  end rewrite for: magicWand(x, x, h)
  Result:
    <<793>>
    apply(St(Nil, Nil), h)
end rewrite subterm: magicWand(x, x, h)
